20:30:37,978 DEBUG devpinoyLogger:57 - Config properties loaded!
20:30:37,998 DEBUG devpinoyLogger:72 - OR properties loaded!
20:30:43,286 DEBUG devpinoyLogger:102 - Chrome Opened!
20:30:55,118 DEBUG devpinoyLogger:116 - URL Loaded http://www.zoho.com
20:30:58,578 DEBUG devpinoyLogger:149 - Clicking on a element : loginLink_CSS
20:30:59,197 DEBUG devpinoyLogger:166 - Typing on a element : username_CSSwith value as: dheeraj.choudhary30@gmail.com
20:30:59,382 DEBUG devpinoyLogger:166 - Typing on a element : password_CSSwith value as: Zoho101*
20:30:59,549 DEBUG devpinoyLogger:149 - Clicking on a element : submit_CSS
20:31:00,053 DEBUG cache:45 - Couldn't find template in cache for "Extent.ftl"("en_IN", UTF-8, parsed); will try to load it.
20:31:00,054 DEBUG cache:45 - TemplateLoader.findTemplateSource("Extent_en_IN.ftl"): Not found
20:31:00,058 DEBUG cache:45 - TemplateLoader.findTemplateSource("Extent_en.ftl"): Not found
20:31:00,060 DEBUG cache:45 - TemplateLoader.findTemplateSource("Extent.ftl"): Found
20:31:00,060 DEBUG cache:45 - Loading template for "Extent.ftl"("en_IN", UTF-8, parsed) from "jar:file:/C:/Users/tusha/.m2/repository/com/relevantcodes/extentreports/2.41.2/extentreports-2.41.2.jar!/com/relevantcodes/extentreports/view/Extent.ftl"
20:31:05,139 DEBUG devpinoyLogger:149 - Clicking on a element : allAppMenu_CSS
20:31:12,197 DEBUG devpinoyLogger:149 - Clicking on a element : accountsLink_XPATH
20:31:14,284 DEBUG devpinoyLogger:149 - Clicking on a element : createAccountsLink_XPATH
20:31:14,865 DEBUG devpinoyLogger:166 - Typing on a element : accountName_XPATHwith value as: Dheeraj
20:31:14,866 DEBUG cache:45 - Couldn't find template in cache for "Extent.ftl"("en_IN", UTF-8, parsed); will try to load it.
20:31:14,866 DEBUG cache:45 - TemplateLoader.findTemplateSource("Extent_en_IN.ftl"): Not found
20:31:14,867 DEBUG cache:45 - TemplateLoader.findTemplateSource("Extent_en.ftl"): Not found
20:31:14,867 DEBUG cache:45 - TemplateLoader.findTemplateSource("Extent.ftl"): Found
20:31:14,867 DEBUG cache:45 - Loading template for "Extent.ftl"("en_IN", UTF-8, parsed) from "jar:file:/C:/Users/tusha/.m2/repository/com/relevantcodes/extentreports/2.41.2/extentreports-2.41.2.jar!/com/relevantcodes/extentreports/view/Extent.ftl"
